生成启动时间为 2016/11/29 17:00:39。
     1>项目“F:\aboutIT\代码备份\git\c++\cplusplus\数据结构库控制台版\Map\Map.vcxproj”在节点 2 上(Rebuild 个目标)。
     1>ClCompile:
         E:\Program Files (x86)\vs\VC\bin\CL.exe /c /ZI /nologo /W3 /WX- /sdl /Od /Oy- /D WIN32 /D _DEBUG /D _CONSOLE /D _LIB /D _UNICODE /D UNICODE /Gm /EHsc /RTC1 /MDd /GS /fp:precise /Zc:wchar_t /Zc:forScope /Fo"Debug\\" /Fd"Debug\vc120.pdb" /Gd /TP /analyze- /errorReport:prompt "..\数据结构库控制台版\Tree.cpp" Determinant.cpp Map.cpp Matrix.cpp Queue.cpp Shuzhu.cpp test.cpp VectorGroup.cpp
         VectorGroup.cpp
         test.cpp
         Shuzhu.cpp
         Queue.cpp
         Matrix.cpp
         Map.cpp
         Determinant.cpp
         Tree.cpp
         正在生成代码...
       Link:
         E:\Program Files (x86)\vs\VC\bin\link.exe /ERRORREPORT:PROMPT /OUT:"F:\aboutIT\代码备份\git\c++\cplusplus\数据结构库控制台版\Debug\Map.exe" /INCREMENTAL /NOLOGO kernel32.lib user32.lib gdi32.lib winspool.lib comdlg32.lib advapi32.lib shell32.lib ole32.lib oleaut32.lib uuid.lib odbc32.lib odbccp32.lib /MANIFEST /MANIFESTUAC:"level='asInvoker' uiAccess='false'" /manifest:embed /DEBUG /PDB:"F:\aboutIT\代码备份\git\c++\cplusplus\数据结构库控制台版\Debug\Map.pdb" /SUBSYSTEM:CONSOLE /TLBID:1 /DYNAMICBASE /NXCOMPAT /IMPLIB:"F:\aboutIT\代码备份\git\c++\cplusplus\数据结构库控制台版\Debug\Map.lib" /MACHINE:X86 Debug\Tree.obj
         Debug\Determinant.obj
         Debug\Map.obj
         Debug\Matrix.obj
         Debug\Queue.obj
         Debug\Shuzhu.obj
         Debug\test.obj
         Debug\VectorGroup.obj
         Map.vcxproj -> F:\aboutIT\代码备份\git\c++\cplusplus\数据结构库控制台版\Debug\Map.exe
     1>已完成生成项目“F:\aboutIT\代码备份\git\c++\cplusplus\数据结构库控制台版\Map\Map.vcxproj”(Rebuild 个目标)的操作。

生成成功。

已用时间 00:00:05.48
